 I J M_lda_ij SD_lda_ij M_omega_ij SD_omega_ij
    1     1     14.69924424      0.19673632      0.89200699      0.00853399
    1     2     -4.83857405      0.11505439      1.04639976      0.02339679
    1     3     -0.29982286      0.05461223      1.22365058      0.03280207
    1     4     -0.67477417      0.05846674      1.22871977      0.03240096
    1     5     -0.27158705      0.08734442     -0.01942652      0.00201121
    1     6     -3.68870706      0.04641051      0.37551556      0.00152736
    1     7     -0.85767775      0.04860623      0.92526515      0.00871764
    1     8     -4.35987324      0.13387069      0.84423296      0.00721789
    2     1     -4.83857405      0.11505439      1.04639976      0.02339679
    2     2      7.22265409      0.20747932      1.39760660      0.05267357
    2     3     -0.44686545      0.02332056      1.53293032      0.06655824
    2     4     -0.58433477      0.02818552      1.53931701      0.06608745
    2     5      1.21077658      0.06043985     -0.04465735      0.00078744
    2     6     -0.79351169      0.02337570      0.44449417      0.00819034
    2     7     -0.93217170      0.01740634      1.14066162      0.02652767
    2     8     -0.93510150      0.01948255      1.03659324      0.02248116
    3     1     -0.29982286      0.05461223      1.22365058      0.03280207
    3     2     -0.44686545      0.02332056      1.53293032      0.06655824
    3     3     20.33866017      2.71703546      2.11890796      0.09545239
    3     4    -18.57252750      2.63869121      2.10112064      0.09183583
    3     5      1.00989702      0.05557446     -0.08278715      0.00076639
    3     6     -0.59916837      0.04912142      0.51512622      0.01202301
    3     7     -0.59560586      0.03421973      1.38107722      0.03745071
    3     8     -0.63095561      0.08626880      1.25235445      0.03186820
    4     1     -0.67477417      0.05846674      1.22871977      0.03240096
    4     2     -0.58433477      0.02818552      1.53931701      0.06608745
    4     3    -18.57252750      2.63869121      2.10112064      0.09183583
    4     4     20.10203516      2.65169552      2.13574330      0.09403310
    4     5      0.80704625      0.04812008     -0.08326633      0.00094203
    4     6     -0.13044267      0.04307331      0.51630798      0.01181463
    4     7     -0.39606089      0.03191997      1.38548184      0.03705328
    4     8     -0.39090350      0.06617716      1.25642909      0.03156616
    5     1     -0.27158705      0.08734442     -0.01942652      0.00201121
    5     2      1.21077658      0.06043985     -0.04465735      0.00078744
    5     3      1.00989702      0.05557446     -0.08278715      0.00076639
    5     4      0.80704625      0.04812008     -0.08326633      0.00094203
    5     5     16.48597372      0.34102423      0.09630115      0.00152472
    5     6     -8.83006053      0.15615405      0.04150694      0.00046382
    5     7     -1.42442718      0.04587529     -0.03115587      0.00232305
    5     8      2.01362011      0.09870221     -0.03229304      0.00219449
    6     1     -3.68870706      0.04641051      0.37551556      0.00152736
    6     2     -0.79351169      0.02337570      0.44449417      0.00819034
    6     3     -0.59916837      0.04912142      0.51512622      0.01202301
    6     4     -0.13044267      0.04307331      0.51630798      0.01181463
    6     5     -8.83006053      0.15615405      0.04150694      0.00046382
    6     6     15.47832870      0.14764325      0.25190467      0.00069232
    6     7      0.69996848      0.07518583      0.39748465      0.00203589
    6     8     -1.91643687      0.05518860      0.36365485      0.00135435
    7     1     -0.85767775      0.04860623      0.92526515      0.00871764
    7     2     -0.93217170      0.01740634      1.14066162      0.02652767
    7     3     -0.59560586      0.03421973      1.38107722      0.03745071
    7     4     -0.39606089      0.03191997      1.38548184      0.03705328
    7     5     -1.42442718      0.04587529     -0.03115587      0.00232305
    7     6      0.69996848      0.07518583      0.39748465      0.00203589
    7     7     16.38543862      0.67922450      1.13071678      0.01067504
    7     8    -14.80002147      0.83405561      0.98782434      0.00778368
    8     1     -4.35987324      0.13387069      0.84423296      0.00721789
    8     2     -0.93510150      0.01948255      1.03659324      0.02248116
    8     3     -0.63095561      0.08626880      1.25235445      0.03186820
    8     4     -0.39090350      0.06617716      1.25642909      0.03156616
    8     5      2.01362011      0.09870221     -0.03229304      0.00219449
    8     6     -1.91643687      0.05518860      0.36365485      0.00135435
    8     7    -14.80002147      0.83405561      0.98782434      0.00778368
    8     8     24.36612748      1.03405516      0.91571575      0.00733770
