 I J M_lda_ij SD_lda_ij M_omega_ij SD_omega_ij
    1     1     14.62634850      0.07551763      0.88613647      0.00333796
    1     2     -4.80165986      0.04115001      1.04180923      0.00410124
    1     3     -0.33619262      0.06680012      1.22135394      0.00496998
    1     4     -0.60833100      0.06485499      1.22429270      0.00506400
    1     5     -0.24212461      0.06282130     -0.02355591      0.00075470
    1     6     -3.69516278      0.06461423      0.36916686      0.00153081
    1     7     -0.90722231      0.07391313      0.92033875      0.00370299
    1     8     -4.31127969      0.09038072      0.83726312      0.00333485
    2     1     -4.80165986      0.04115001      1.04180923      0.00410124
    2     2      7.15598381      0.03865641      1.39584840      0.00581169
    2     3     -0.50013422      0.06264286      1.53407711      0.00649246
    2     4     -0.54115500      0.06283729      1.53780778      0.00658124
    2     5      1.12667700      0.04476484     -0.04856655      0.00094948
    2     6     -0.73553714      0.04617186      0.43824247      0.00187836
    2     7     -0.92199370      0.04762248      1.13763323      0.00483980
    2     8     -0.93187063      0.05567199      1.03092105      0.00429089
    3     1     -0.33619262      0.06680012      1.22135394      0.00496998
    3     2     -0.50013422      0.06264286      1.53407711      0.00649246
    3     3     20.04818450      0.15761663      2.12539422      0.00913893
    3     4    -18.28776828      0.16906839      2.10509658      0.00919244
    3     5      0.87167087      0.08243957     -0.08678675      0.00114935
    3     6     -0.51380722      0.08577431      0.50985593      0.00237307
    3     7     -0.55877177      0.09894145      1.38187461      0.00595526
    3     8     -0.66045174      0.12124623      1.24930410      0.00522101
    4     1     -0.60833100      0.06485499      1.22429270      0.00506400
    4     2     -0.54115500      0.06283729      1.53780778      0.00658124
    4     3    -18.28776828      0.16906839      2.10509658      0.00919244
    4     4     19.80670939      0.18829968      2.13718460      0.00974824
    4     5      0.93572963      0.08820801     -0.08761415      0.00116310
    4     6     -0.21105273      0.08979082      0.51018657      0.00242814
    4     7     -0.47467440      0.10019912      1.38430220      0.00608217
    4     8     -0.32682167      0.11862188      1.25142532      0.00531626
    5     1     -0.24212461      0.06282130     -0.02355591      0.00075470
    5     2      1.12667700      0.04476484     -0.04856655      0.00094948
    5     3      0.87167087      0.08243957     -0.08678675      0.00114935
    5     4      0.93572963      0.08820801     -0.08761415      0.00116310
    5     5     16.95088398      0.09900496      0.09257598      0.00043800
    5     6     -8.84533066      0.07805533      0.03770572      0.00048844
    5     7     -1.52270939      0.06227470     -0.03560944      0.00086157
    5     8      2.26534360      0.09291787     -0.03671790      0.00076787
    6     1     -3.69516278      0.06461423      0.36916686      0.00153081
    6     2     -0.73553714      0.04617186      0.43824247      0.00187836
    6     3     -0.51380722      0.08577431      0.50985593      0.00237307
    6     4     -0.21105273      0.08979082      0.51018657      0.00242814
    6     5     -8.84533066      0.07805533      0.03770572      0.00048844
    6     6     15.52192785      0.08293133      0.24622912      0.00096569
    6     7      0.70542414      0.07209910      0.39154639      0.00181043
    6     8     -1.98405540      0.10240314      0.35704405      0.00156706
    7     1     -0.90722231      0.07391313      0.92033875      0.00370299
    7     2     -0.92199370      0.04762248      1.13763323      0.00483980
    7     3     -0.55877177      0.09894145      1.38187461      0.00595526
    7     4     -0.47467440      0.10019912      1.38430220      0.00608217
    7     5     -1.52270939      0.06227470     -0.03560944      0.00086157
    7     6      0.70542414      0.07209910      0.39154639      0.00181043
    7     7     16.40632439      0.11593034      1.12651438      0.00476141
    7     8    -14.77145212      0.12154025      0.98156602      0.00408099
    8     1     -4.31127969      0.09038072      0.83726312      0.00333485
    8     2     -0.93187063      0.05567199      1.03092105      0.00429089
    8     3     -0.66045174      0.12124623      1.24930410      0.00522101
    8     4     -0.32682167      0.11862188      1.25142532      0.00531626
    8     5      2.26534360      0.09291787     -0.03671790      0.00076787
    8     6     -1.98405540      0.10240314      0.35704405      0.00156706
    8     7    -14.77145212      0.12154025      0.98156602      0.00408099
    8     8     24.33943435      0.15518757      0.90780001      0.00375989
